0 info it worked if it ends with ok
1 verbose cli [ '/root/.nvm/versions/node/v5.5.0/bin/node',
1 verbose cli   '/root/.nvm/versions/node/v5.5.0/bin/npm',
1 verbose cli   'install',
1 verbose cli   'express' ]
2 info using npm@3.3.12
3 info using node@v5.5.0
4 silly loadCurrentTree Starting
5 silly install loadCurrentTree
6 silly install readLocalPackageData
7 silly fetchPackageMetaData express@^4.13.3
8 silly fetchNamedPackageData express
9 silly mapToRegistry name express
10 silly mapToRegistry using default registry
11 silly mapToRegistry registry https://registry.npmjs.org/
12 silly mapToRegistry uri https://registry.npmjs.org/express
13 verbose request uri https://registry.npmjs.org/express
14 verbose request no auth needed
15 info attempt registry request try #1 at 3:33:22 AM
16 verbose request id f0d65fc2dc4ca3b6
17 verbose etag "EK7ELV8KQ60D6R1BG20NDLU4F"
18 http request GET https://registry.npmjs.org/express
19 http 304 https://registry.npmjs.org/express
20 verbose headers { date: 'Tue, 01 Mar 2016 03:33:23 GMT',
20 verbose headers   via: '1.1 varnish',
20 verbose headers   'cache-control': 'max-age=300',
20 verbose headers   etag: '"EK7ELV8KQ60D6R1BG20NDLU4F"',
20 verbose headers   age: '76',
20 verbose headers   connection: 'keep-alive',
20 verbose headers   'x-served-by': 'cache-ord1732-ORD',
20 verbose headers   'x-cache': 'HIT',
20 verbose headers   'x-cache-hits': '1',
20 verbose headers   'x-timer': 'S1456803203.301431,VS0,VE1',
20 verbose headers   vary: 'Accept' }
21 silly get cb [ 304,
21 silly get   { date: 'Tue, 01 Mar 2016 03:33:23 GMT',
21 silly get     via: '1.1 varnish',
21 silly get     'cache-control': 'max-age=300',
21 silly get     etag: '"EK7ELV8KQ60D6R1BG20NDLU4F"',
21 silly get     age: '76',
21 silly get     connection: 'keep-alive',
21 silly get     'x-served-by': 'cache-ord1732-ORD',
21 silly get     'x-cache': 'HIT',
21 silly get     'x-cache-hits': '1',
21 silly get     'x-timer': 'S1456803203.301431,VS0,VE1',
21 silly get     vary: 'Accept' } ]
22 verbose etag https://registry.npmjs.org/express from cache
23 verbose get saving express to /root/.npm/registry.npmjs.org/express/.cache.json
24 silly install normalizeTree
25 silly loadCurrentTree Finishing
26 silly loadIdealTree Starting
27 silly install loadIdealTree
28 silly cloneCurrentTree Starting
29 silly install cloneCurrentTreeToIdealTree
30 silly cloneCurrentTree Finishing
31 silly loadShrinkwrap Starting
32 silly install loadShrinkwrap
33 silly loadShrinkwrap Finishing
34 silly loadAllDepsIntoIdealTree Starting
35 silly install loadAllDepsIntoIdealTree
36 silly resolveWithNewModule express@4.13.4 checking installable status
37 silly cache add args [ 'express@^4.13.3', null ]
38 verbose cache add spec express@^4.13.3
39 silly cache add parsed spec Result {
39 silly cache add   raw: 'express@^4.13.3',
39 silly cache add   scope: null,
39 silly cache add   name: 'express',
39 silly cache add   rawSpec: '^4.13.3',
39 silly cache add   spec: '>=4.13.3 <5.0.0',
39 silly cache add   type: 'range' }
40 silly addNamed express@>=4.13.3 <5.0.0
41 verbose addNamed ">=4.13.3 <5.0.0" is a valid semver range for express
42 silly addNameRange { name: 'express', range: '>=4.13.3 <5.0.0', hasData: false }
43 silly mapToRegistry name express
44 silly mapToRegistry using default registry
45 silly mapToRegistry registry https://registry.npmjs.org/
46 silly mapToRegistry uri https://registry.npmjs.org/express
47 verbose addNameRange registry:https://registry.npmjs.org/express not in flight; fetching
48 verbose get https://registry.npmjs.org/express not expired, no request
49 silly addNameRange number 2 { name: 'express', range: '>=4.13.3 <5.0.0', hasData: true }
50 silly addNameRange versions [ 'express',
50 silly addNameRange   [ '0.14.0',
50 silly addNameRange     '0.14.1',
50 silly addNameRange     '1.0.0',
50 silly addNameRange     '1.0.1',
50 silly addNameRange     '1.0.2',
50 silly addNameRange     '1.0.3',
50 silly addNameRange     '1.0.4',
50 silly addNameRange     '1.0.5',
50 silly addNameRange     '1.0.6',
50 silly addNameRange     '1.0.7',
50 silly addNameRange     '1.0.8',
50 silly addNameRange     '2.0.0',
50 silly addNameRange     '2.1.0',
50 silly addNameRange     '2.1.1',
50 silly addNameRange     '2.2.0',
50 silly addNameRange     '2.2.1',
50 silly addNameRange     '2.2.2',
50 silly addNameRange     '2.3.0',
50 silly addNameRange     '2.3.1',
50 silly addNameRange     '2.3.2',
50 silly addNameRange     '2.3.3',
50 silly addNameRange     '2.3.4',
50 silly addNameRange     '2.3.5',
50 silly addNameRange     '2.3.6',
50 silly addNameRange     '2.3.7',
50 silly addNameRange     '2.3.8',
50 silly addNameRange     '2.3.9',
50 silly addNameRange     '2.3.10',
50 silly addNameRange     '2.3.11',
50 silly addNameRange     '2.3.12',
50 silly addNameRange     '2.4.0',
50 silly addNameRange     '2.4.1',
50 silly addNameRange     '2.4.2',
50 silly addNameRange     '2.4.3',
50 silly addNameRange     '2.4.4',
50 silly addNameRange     '2.4.5',
50 silly addNameRange     '2.4.6',
50 silly addNameRange     '2.4.7',
50 silly addNameRange     '2.5.0',
50 silly addNameRange     '2.5.1',
50 silly addNameRange     '2.5.2',
50 silly addNameRange     '2.5.3',
50 silly addNameRange     '2.5.4',
50 silly addNameRange     '2.5.5',
50 silly addNameRange     '2.5.6',
50 silly addNameRange     '2.5.7',
50 silly addNameRange     '2.5.8',
50 silly addNameRange     '2.5.9',
50 silly addNameRange     '2.5.10',
50 silly addNameRange     '2.5.11',
50 silly addNameRange     '3.0.0',
50 silly addNameRange     '3.0.1',
50 silly addNameRange     '3.0.2',
50 silly addNameRange     '3.0.3',
50 silly addNameRange     '3.0.4',
50 silly addNameRange     '3.0.5',
50 silly addNameRange     '3.0.6',
50 silly addNameRange     '3.1.0',
50 silly addNameRange     '3.1.1',
50 silly addNameRange     '3.1.2',
50 silly addNameRange     '3.2.0',
50 silly addNameRange     '3.2.1',
50 silly addNameRange     '3.2.2',
50 silly addNameRange     '3.2.3',
50 silly addNameRange     '3.2.4',
50 silly addNameRange     '3.2.5',
50 silly addNameRange     '3.2.6',
50 silly addNameRange     '3.3.0',
50 silly addNameRange     '3.3.1',
50 silly addNameRange     '3.3.2',
50 silly addNameRange     '3.3.3',
50 silly addNameRange     '3.3.4',
50 silly addNameRange     '3.3.5',
50 silly addNameRange     '3.3.6',
50 silly addNameRange     '1.0.0-beta',
50 silly addNameRange     '1.0.0-beta2',
50 silly addNameRange     '1.0.0-rc',
50 silly addNameRange     '1.0.0-rc2',
50 silly addNameRange     '1.0.0-rc3',
50 silly addNameRange     '1.0.0-rc4',
50 silly addNameRange     '2.0.0-beta',
50 silly addNameRange     '2.0.0-beta2',
50 silly addNameRange     '2.0.0-beta3',
50 silly addNameRange     '2.0.0-rc',
50 silly addNameRange     '2.0.0-rc2',
50 silly addNameRange     '2.0.0-rc3',
50 silly addNameRange     '3.0.0-alpha1',
50 silly addNameRange     '3.0.0-alpha2',
50 silly addNameRange     '3.0.0-alpha3',
50 silly addNameRange     '3.0.0-alpha4',
50 silly addNameRange     '3.0.0-alpha5',
50 silly addNameRange     '3.0.0-beta1',
50 silly addNameRange     '3.0.0-beta2',
50 silly addNameRange     '3.0.0-beta3',
50 silly addNameRange     '3.0.0-beta4',
50 silly addNameRange     '3.0.0-beta6',
50 silly addNameRange     '3.0.0-beta7',
50 silly addNameRange     '3.0.0-rc1',
50 silly addNameRange     '3.0.0-rc2',
50 silly addNameRange     '3.0.0-rc3',
50 silly addNameRange     '3.0.0-rc4',
50 silly addNameRange     '3.0.0-rc5',
50 silly addNameRange     '3.3.7',
50 silly addNameRange     '3.3.8',
50 silly addNameRange     '3.4.0',
50 silly addNameRange     '3.4.1',
50 silly addNameRange     '3.4.2',
50 silly addNameRange     '3.4.3',
50 silly addNameRange     '3.4.4',
50 silly addNameRange     '3.4.5',
50 silly addNameRange     '3.4.6',
50 silly addNameRange     '3.4.7',
50 silly addNameRange     '3.4.8',
50 silly addNameRange     '4.0.0-rc1',
50 silly addNameRange     '4.0.0-rc2',
50 silly addNameRange     '3.5.0',
50 silly addNameRange     '4.0.0-rc3',
50 silly addNameRange     '4.0.0-rc4',
50 silly addNameRange     '3.5.1',
50 silly addNameRange     '4.0.0',
50 silly addNameRange     '3.5.2',
50 silly addNameRange     '4.1.0',
50 silly addNameRange     '4.1.1',
50 silly addNameRange     '3.5.3',
50 silly addNameRange     '4.1.2',
50 silly addNameRange     '3.6.0',
50 silly addNameRange     '4.2.0',
50 silly addNameRange     '3.7.0',
50 silly addNameRange     '3.8.0',
50 silly addNameRange     '4.3.0',
50 silly addNameRange     '4.3.1',
50 silly addNameRange     '3.8.1',
50 silly addNameRange     '4.3.2',
50 silly addNameRange     '3.9.0',
50 silly addNameRange     '4.4.0',
50 silly addNameRange     '4.4.1',
50 silly addNameRange     '3.10.0',
50 silly addNameRange     '3.10.1',
50 silly addNameRange     '3.10.2',
50 silly addNameRange     '3.10.3',
50 silly addNameRange     '3.10.4',
50 silly addNameRange     '4.4.2',
50 silly addNameRange     '3.10.5',
50 silly addNameRange     '4.4.3',
50 silly addNameRange     '3.11.0',
50 silly addNameRange     '4.4.4',
50 silly addNameRange     '3.12.0',
50 silly addNameRange     '3.12.1',
50 silly addNameRange     '4.4.5',
50 silly addNameRange     '3.13.0',
50 silly addNameRange     '4.5.0',
50 silly addNameRange     '4.5.1',
50 silly addNameRange     '3.14.0',
50 silly addNameRange     '4.6.0',
50 silly addNameRange     '4.6.1',
50 silly addNameRange     '3.15.0',
50 silly addNameRange     '4.7.0',
50 silly addNameRange     '3.15.1',
50 silly addNameRange     '4.7.1',
50 silly addNameRange     '3.15.2',
50 silly addNameRange     '4.7.2',
50 silly addNameRange     '4.7.3',
50 silly addNameRange     '3.15.3',
50 silly addNameRange     '4.7.4',
50 silly addNameRange     '3.16.0',
50 silly addNameRange     '4.8.0',
50 silly addNameRange     '3.16.1',
50 silly addNameRange     '4.8.1',
50 silly addNameRange     '3.16.2',
50 silly addNameRange     '4.8.2',
50 silly addNameRange     '3.16.3',
50 silly addNameRange     '3.16.4',
50 silly addNameRange     '4.8.3',
50 silly addNameRange     '3.16.5',
50 silly addNameRange     '3.16.6',
50 silly addNameRange     '4.8.4',
50 silly addNameRange     '3.16.7',
50 silly addNameRange     '4.8.5',
50 silly addNameRange     '3.16.8',
50 silly addNameRange     '4.8.6',
50 silly addNameRange     '3.16.9',
50 silly addNameRange     '4.8.7',
50 silly addNameRange     '3.16.10',
50 silly addNameRange     '4.8.8',
50 silly addNameRange     '3.17.0',
50 silly addNameRange     '3.17.1',
50 silly addNameRange     '4.9.0',
50 silly addNameRange     '3.17.2',
50 silly addNameRange     '4.9.1',
50 silly addNameRange     '4.9.2',
50 silly addNameRange     '3.17.3',
50 silly addNameRange     '4.9.3',
50 silly addNameRange     '3.17.4',
50 silly addNameRange     '4.9.4',
50 silly addNameRange     '3.17.5',
50 silly addNameRange     '4.9.5',
50 silly addNameRange     '3.17.6',
50 silly addNameRange     '3.17.7',
50 silly addNameRange     '4.9.6',
50 silly addNameRange     '4.9.7',
50 silly addNameRange     '3.17.8',
50 silly addNameRange     '4.9.8',
50 silly addNameRange     '3.18.0',
50 silly addNameRange     '3.18.1',
50 silly addNameRange     '4.10.0',
50 silly addNameRange     '3.18.2',
50 silly addNameRange     '4.10.1',
50 silly addNameRange     '5.0.0-alpha.1',
50 silly addNameRange     '3.18.3',
50 silly addNameRange     '4.10.2',
50 silly addNameRange     '3.18.4',
50 silly addNameRange     '4.10.3',
50 silly addNameRange     '4.10.4',
50 silly addNameRange     '4.10.5',
50 silly addNameRange     '3.18.5',
50 silly addNameRange     '3.18.6',
50 silly addNameRange     '4.10.6',
50 silly addNameRange     '4.10.7',
50 silly addNameRange     '3.19.0',
50 silly addNameRange     '4.10.8',
50 silly addNameRange     '4.11.0',
50 silly addNameRange     '3.19.1',
50 silly addNameRange     '4.11.1',
50 silly addNameRange     '3.19.2',
50 silly addNameRange     '4.11.2',
50 silly addNameRange     '3.20.0',
50 silly addNameRange     '4.12.0',
50 silly addNameRange     '3.20.1',
50 silly addNameRange     '4.12.1',
50 silly addNameRange     '4.12.2',
50 silly addNameRange     '3.20.2',
50 silly addNameRange     '4.12.3',
50 silly addNameRange     '3.20.3',
50 silly addNameRange     '4.12.4',
50 silly addNameRange     '3.21.0',
50 silly addNameRange     '4.13.0',
50 silly addNameRange     '3.21.1',
50 silly addNameRange     '4.13.1',
50 silly addNameRange     '5.0.0-alpha.2',
50 silly addNameRange     '3.21.2',
50 silly addNameRange     '4.13.2',
50 silly addNameRange     '4.13.3',
50 silly addNameRange     '4.13.4' ] ]
51 silly addNamed express@4.13.4
52 verbose addNamed "4.13.4" is a plain semver version for express
53 silly cache afterAdd express@4.13.4
54 verbose afterAdd /root/.npm/express/4.13.4/package/package.json not in flight; writing
55 verbose afterAdd /root/.npm/express/4.13.4/package/package.json written
56 silly fetchNamedPackageData qs
57 silly mapToRegistry name qs
58 silly mapToRegistry using default registry
59 silly mapToRegistry registry https://registry.npmjs.org/
60 silly mapToRegistry uri https://registry.npmjs.org/qs
61 silly fetchNamedPackageData send
62 silly mapToRegistry name send
63 silly mapToRegistry using default registry
64 silly mapToRegistry registry https://registry.npmjs.org/
65 silly mapToRegistry uri https://registry.npmjs.org/send
66 verbose request uri https://registry.npmjs.org/qs
67 verbose request no auth needed
68 info attempt registry request try #1 at 3:33:29 AM
69 verbose etag "O0I7RQGFKLBPZX1OQDQMO4TO"
70 http request GET https://registry.npmjs.org/qs
71 verbose request uri https://registry.npmjs.org/send
72 verbose request no auth needed
73 info attempt registry request try #1 at 3:33:29 AM
74 verbose etag "TMGAP6YA1PW258ZYI7XCCC8L"
75 http request GET https://registry.npmjs.org/send
76 http 304 https://registry.npmjs.org/send
77 verbose headers { date: 'Tue, 01 Mar 2016 03:33:29 GMT',
77 verbose headers   via: '1.1 varnish',
77 verbose headers   'cache-control': 'max-age=300',
77 verbose headers   etag: '"TMGAP6YA1PW258ZYI7XCCC8L"',
77 verbose headers   age: '12',
77 verbose headers   connection: 'keep-alive',
77 verbose headers   'x-served-by': 'cache-ord1734-ORD',
77 verbose headers   'x-cache': 'HIT',
77 verbose headers   'x-cache-hits': '1',
77 verbose headers   'x-timer': 'S1456803209.442665,VS0,VE0',
77 verbose headers   vary: 'Accept' }
78 silly get cb [ 304,
78 silly get   { date: 'Tue, 01 Mar 2016 03:33:29 GMT',
78 silly get     via: '1.1 varnish',
78 silly get     'cache-control': 'max-age=300',
78 silly get     etag: '"TMGAP6YA1PW258ZYI7XCCC8L"',
78 silly get     age: '12',
78 silly get     connection: 'keep-alive',
78 silly get     'x-served-by': 'cache-ord1734-ORD',
78 silly get     'x-cache': 'HIT',
78 silly get     'x-cache-hits': '1',
78 silly get     'x-timer': 'S1456803209.442665,VS0,VE0',
78 silly get     vary: 'Accept' } ]
79 verbose etag https://registry.npmjs.org/send from cache
80 verbose get saving send to /root/.npm/registry.npmjs.org/send/.cache.json
81 silly resolveWithNewModule send@0.13.1 checking installable status
82 silly cache add args [ 'send@0.13.1', null ]
83 verbose cache add spec send@0.13.1
84 silly cache add parsed spec Result {
84 silly cache add   raw: 'send@0.13.1',
84 silly cache add   scope: null,
84 silly cache add   name: 'send',
84 silly cache add   rawSpec: '0.13.1',
84 silly cache add   spec: '0.13.1',
84 silly cache add   type: 'version' }
85 silly addNamed send@0.13.1
86 verbose addNamed "0.13.1" is a plain semver version for send
87 silly mapToRegistry name send
88 silly mapToRegistry using default registry
89 silly mapToRegistry registry https://registry.npmjs.org/
90 silly mapToRegistry uri https://registry.npmjs.org/send
91 verbose addNameVersion registry:https://registry.npmjs.org/send not in flight; fetching
92 http 304 https://registry.npmjs.org/qs
93 verbose headers { date: 'Tue, 01 Mar 2016 03:33:29 GMT',
93 verbose headers   via: '1.1 varnish',
93 verbose headers   'cache-control': 'max-age=300',
93 verbose headers   etag: '"O0I7RQGFKLBPZX1OQDQMO4TO"',
93 verbose headers   age: '246',
93 verbose headers   connection: 'keep-alive',
93 verbose headers   'x-served-by': 'cache-dfw1822-DFW',
93 verbose headers   'x-cache': 'HIT',
93 verbose headers   'x-cache-hits': '6',
93 verbose headers   'x-timer': 'S1456803209.583241,VS0,VE0',
93 verbose headers   vary: 'Accept' }
94 silly get cb [ 304,
94 silly get   { date: 'Tue, 01 Mar 2016 03:33:29 GMT',
94 silly get     via: '1.1 varnish',
94 silly get     'cache-control': 'max-age=300',
94 silly get     etag: '"O0I7RQGFKLBPZX1OQDQMO4TO"',
94 silly get     age: '246',
94 silly get     connection: 'keep-alive',
94 silly get     'x-served-by': 'cache-dfw1822-DFW',
94 silly get     'x-cache': 'HIT',
94 silly get     'x-cache-hits': '6',
94 silly get     'x-timer': 'S1456803209.583241,VS0,VE0',
94 silly get     vary: 'Accept' } ]
95 verbose etag https://registry.npmjs.org/qs from cache
96 verbose get saving qs to /root/.npm/registry.npmjs.org/qs/.cache.json
97 verbose get https://registry.npmjs.org/send not expired, no request
98 silly resolveWithNewModule qs@4.0.0 checking installable status
99 silly cache add args [ 'qs@4.0.0', null ]
100 verbose cache add spec qs@4.0.0
101 silly cache add parsed spec Result {
101 silly cache add   raw: 'qs@4.0.0',
101 silly cache add   scope: null,
101 silly cache add   name: 'qs',
101 silly cache add   rawSpec: '4.0.0',
101 silly cache add   spec: '4.0.0',
101 silly cache add   type: 'version' }
102 silly addNamed qs@4.0.0
103 verbose addNamed "4.0.0" is a plain semver version for qs
104 silly mapToRegistry name qs
105 silly mapToRegistry using default registry
106 silly mapToRegistry registry https://registry.npmjs.org/
107 silly mapToRegistry uri https://registry.npmjs.org/qs
108 verbose addNameVersion registry:https://registry.npmjs.org/qs not in flight; fetching
109 silly cache afterAdd send@0.13.1
110 verbose afterAdd /root/.npm/send/0.13.1/package/package.json not in flight; writing
111 verbose get https://registry.npmjs.org/qs not expired, no request
112 verbose afterAdd /root/.npm/send/0.13.1/package/package.json written
113 silly cache afterAdd qs@4.0.0
114 verbose afterAdd /root/.npm/qs/4.0.0/package/package.json not in flight; writing
115 verbose afterAdd /root/.npm/qs/4.0.0/package/package.json written
116 silly fetchNamedPackageData http-errors
117 silly mapToRegistry name http-errors
118 silly mapToRegistry using default registry
119 silly mapToRegistry registry https://registry.npmjs.org/
120 silly mapToRegistry uri https://registry.npmjs.org/http-errors
121 silly fetchNamedPackageData mime
122 silly mapToRegistry name mime
123 silly mapToRegistry using default registry
124 silly mapToRegistry registry https://registry.npmjs.org/
125 silly mapToRegistry uri https://registry.npmjs.org/mime
126 verbose request uri https://registry.npmjs.org/http-errors
127 verbose request no auth needed
128 info attempt registry request try #1 at 3:33:31 AM
129 verbose etag "CGS2MA42SNXG8F9YYDR3BHRZS"
130 http request GET https://registry.npmjs.org/http-errors
131 verbose request uri https://registry.npmjs.org/mime
132 verbose request no auth needed
133 info attempt registry request try #1 at 3:33:31 AM
134 verbose etag "9UC0NOSIMLC8SJ8G5HMZZ1VHR"
135 http request GET https://registry.npmjs.org/mime
136 http 304 https://registry.npmjs.org/mime
137 verbose headers { date: 'Tue, 01 Mar 2016 03:33:31 GMT',
137 verbose headers   via: '1.1 varnish',
137 verbose headers   'cache-control': 'max-age=300',
137 verbose headers   etag: '"9UC0NOSIMLC8SJ8G5HMZZ1VHR"',
137 verbose headers   age: '121',
137 verbose headers   connection: 'keep-alive',
137 verbose headers   'x-served-by': 'cache-dfw1821-DFW',
137 verbose headers   'x-cache': 'HIT',
137 verbose headers   'x-cache-hits': '4',
137 verbose headers   'x-timer': 'S1456803211.463055,VS0,VE0',
137 verbose headers   vary: 'Accept' }
138 silly get cb [ 304,
138 silly get   { date: 'Tue, 01 Mar 2016 03:33:31 GMT',
138 silly get     via: '1.1 varnish',
138 silly get     'cache-control': 'max-age=300',
138 silly get     etag: '"9UC0NOSIMLC8SJ8G5HMZZ1VHR"',
138 silly get     age: '121',
138 silly get     connection: 'keep-alive',
138 silly get     'x-served-by': 'cache-dfw1821-DFW',
138 silly get     'x-cache': 'HIT',
138 silly get     'x-cache-hits': '4',
138 silly get     'x-timer': 'S1456803211.463055,VS0,VE0',
138 silly get     vary: 'Accept' } ]
139 verbose etag https://registry.npmjs.org/mime from cache
140 verbose get saving mime to /root/.npm/registry.npmjs.org/mime/.cache.json
141 http 304 https://registry.npmjs.org/http-errors
142 verbose headers { date: 'Tue, 01 Mar 2016 03:33:31 GMT',
142 verbose headers   via: '1.1 varnish',
142 verbose headers   'cache-control': 'max-age=300',
142 verbose headers   etag: '"CGS2MA42SNXG8F9YYDR3BHRZS"',
142 verbose headers   age: '46',
142 verbose headers   connection: 'keep-alive',
142 verbose headers   'x-served-by': 'cache-dfw1824-DFW',
142 verbose headers   'x-cache': 'HIT',
142 verbose headers   'x-cache-hits': '1',
142 verbose headers   'x-timer': 'S1456803211.468229,VS0,VE0',
142 verbose headers   vary: 'Accept' }
143 silly get cb [ 304,
143 silly get   { date: 'Tue, 01 Mar 2016 03:33:31 GMT',
143 silly get     via: '1.1 varnish',
143 silly get     'cache-control': 'max-age=300',
143 silly get     etag: '"CGS2MA42SNXG8F9YYDR3BHRZS"',
143 silly get     age: '46',
143 silly get     connection: 'keep-alive',
143 silly get     'x-served-by': 'cache-dfw1824-DFW',
143 silly get     'x-cache': 'HIT',
143 silly get     'x-cache-hits': '1',
143 silly get     'x-timer': 'S1456803211.468229,VS0,VE0',
143 silly get     vary: 'Accept' } ]
144 verbose etag https://registry.npmjs.org/http-errors from cache
145 verbose get saving http-errors to /root/.npm/registry.npmjs.org/http-errors/.cache.json
146 silly resolveWithNewModule mime@1.3.4 checking installable status
147 silly cache add args [ 'mime@1.3.4', null ]
148 verbose cache add spec mime@1.3.4
149 silly cache add parsed spec Result {
149 silly cache add   raw: 'mime@1.3.4',
149 silly cache add   scope: null,
149 silly cache add   name: 'mime',
149 silly cache add   rawSpec: '1.3.4',
149 silly cache add   spec: '1.3.4',
149 silly cache add   type: 'version' }
150 silly addNamed mime@1.3.4
151 verbose addNamed "1.3.4" is a plain semver version for mime
152 silly mapToRegistry name mime
153 silly mapToRegistry using default registry
154 silly mapToRegistry registry https://registry.npmjs.org/
155 silly mapToRegistry uri https://registry.npmjs.org/mime
156 verbose addNameVersion registry:https://registry.npmjs.org/mime not in flight; fetching
157 silly resolveWithNewModule http-errors@1.3.1 checking installable status
158 silly cache add args [ 'http-errors@~1.3.1', null ]
159 verbose cache add spec http-errors@~1.3.1
160 silly cache add parsed spec Result {
160 silly cache add   raw: 'http-errors@~1.3.1',
160 silly cache add   scope: null,
160 silly cache add   name: 'http-errors',
160 silly cache add   rawSpec: '~1.3.1',
160 silly cache add   spec: '>=1.3.1 <1.4.0',
160 silly cache add   type: 'range' }
161 silly addNamed http-errors@>=1.3.1 <1.4.0
162 verbose addNamed ">=1.3.1 <1.4.0" is a valid semver range for http-errors
163 silly addNameRange { name: 'http-errors', range: '>=1.3.1 <1.4.0', hasData: false }
164 silly mapToRegistry name http-errors
165 silly mapToRegistry using default registry
166 silly mapToRegistry registry https://registry.npmjs.org/
167 silly mapToRegistry uri https://registry.npmjs.org/http-errors
168 verbose addNameRange registry:https://registry.npmjs.org/http-errors not in flight; fetching
169 verbose get https://registry.npmjs.org/mime not expired, no request
170 verbose get https://registry.npmjs.org/http-errors not expired, no request
171 silly addNameRange number 2 { name: 'http-errors', range: '>=1.3.1 <1.4.0', hasData: true }
172 silly addNameRange versions [ 'http-errors',
172 silly addNameRange   [ '0.0.1',
172 silly addNameRange     '1.0.0',
172 silly addNameRange     '1.0.1',
172 silly addNameRange     '1.1.0',
172 silly addNameRange     '1.2.0',
172 silly addNameRange     '1.2.1',
172 silly addNameRange     '1.2.2',
172 silly addNameRange     '1.2.3',
172 silly addNameRange     '1.2.4',
172 silly addNameRange     '1.2.5',
172 silly addNameRange     '1.2.6',
172 silly addNameRange     '1.2.7',
172 silly addNameRange     '1.2.8',
172 silly addNameRange     '1.3.0',
172 silly addNameRange     '1.3.1',
172 silly addNameRange     '1.4.0' ] ]
173 silly addNamed http-errors@1.3.1
174 verbose addNamed "1.3.1" is a plain semver version for http-errors
175 silly cache afterAdd http-errors@1.3.1
176 verbose afterAdd /root/.npm/http-errors/1.3.1/package/package.json not in flight; writing
177 silly cache afterAdd mime@1.3.4
178 verbose afterAdd /root/.npm/mime/1.3.4/package/package.json not in flight; writing
179 verbose afterAdd /root/.npm/http-errors/1.3.1/package/package.json written
180 verbose afterAdd /root/.npm/mime/1.3.4/package/package.json written
181 silly loadAllDepsIntoIdealTree Finishing
182 silly idealTree:prePrune testIo@0.0.0
182 silly idealTree:prePrune ├── accepts@1.2.13
182 silly idealTree:prePrune ├── ansi-regex@2.0.0
182 silly idealTree:prePrune ├── ansi-styles@2.2.0
182 silly idealTree:prePrune ├── array-flatten@1.1.1
182 silly idealTree:prePrune ├── asn1@0.2.3
182 silly idealTree:prePrune ├── assert-plus@0.2.0
182 silly idealTree:prePrune ├── async@1.5.2
182 silly idealTree:prePrune ├── aws-sign2@0.6.0
182 silly idealTree:prePrune ├── aws4@1.3.1
182 silly idealTree:prePrune ├── bl@1.0.3
182 silly idealTree:prePrune ├── body-parser@1.15.0
182 silly idealTree:prePrune ├── boom@2.10.1
182 silly idealTree:prePrune ├── bytes@2.2.0
182 silly idealTree:prePrune ├── caseless@0.11.0
182 silly idealTree:prePrune ├── chalk@1.1.1
182 silly idealTree:prePrune ├── color-convert@1.0.0
182 silly idealTree:prePrune ├── combined-stream@1.0.5
182 silly idealTree:prePrune ├── commander@2.9.0
182 silly idealTree:prePrune ├── content-disposition@0.5.1
182 silly idealTree:prePrune ├── content-type@1.0.1
182 silly idealTree:prePrune ├── cookie-signature@1.0.6
182 silly idealTree:prePrune ├── cookie@0.1.5
182 silly idealTree:prePrune ├── core-util-is@1.0.2
182 silly idealTree:prePrune ├── cryptiles@2.0.5
182 silly idealTree:prePrune ├─┬ dashdash@1.13.0
182 silly idealTree:prePrune │ └── assert-plus@1.0.0
182 silly idealTree:prePrune ├── debug@2.2.0
182 silly idealTree:prePrune ├── delayed-stream@1.0.0
182 silly idealTree:prePrune ├── depd@1.1.0
182 silly idealTree:prePrune ├── destroy@1.0.4
182 silly idealTree:prePrune ├── ecc-jsbn@0.1.1
182 silly idealTree:prePrune ├── ee-first@1.1.1
182 silly idealTree:prePrune ├── escape-html@1.0.3
182 silly idealTree:prePrune ├── escape-string-regexp@1.0.5
182 silly idealTree:prePrune ├── etag@1.7.0
182 silly idealTree:prePrune ├─┬ express@4.13.4
182 silly idealTree:prePrune │ └── qs@4.0.0
182 silly idealTree:prePrune ├── extend@3.0.0
182 silly idealTree:prePrune ├── extsprintf@1.0.2
182 silly idealTree:prePrune ├── finalhandler@0.4.1
182 silly idealTree:prePrune ├── forever-agent@0.6.1
182 silly idealTree:prePrune ├── form-data@1.0.0-rc3
182 silly idealTree:prePrune ├── forwarded@0.1.0
182 silly idealTree:prePrune ├── fresh@0.3.0
182 silly idealTree:prePrune ├── generate-function@2.0.0
182 silly idealTree:prePrune ├── generate-object-property@1.2.0
182 silly idealTree:prePrune ├── graceful-readlink@1.0.1
182 silly idealTree:prePrune ├── har-validator@2.0.6
182 silly idealTree:prePrune ├── has-ansi@2.0.0
182 silly idealTree:prePrune ├── hawk@3.1.3
182 silly idealTree:prePrune ├── hoek@2.16.3
182 silly idealTree:prePrune ├── http-errors@1.4.0
182 silly idealTree:prePrune ├── http-signature@1.1.1
182 silly idealTree:prePrune ├── iconv-lite@0.4.13
182 silly idealTree:prePrune ├── inherits@2.0.1
182 silly idealTree:prePrune ├── ipaddr.js@1.0.5
182 silly idealTree:prePrune ├── is-my-json-valid@2.13.1
182 silly idealTree:prePrune ├── is-property@1.0.2
182 silly idealTree:prePrune ├── is-typedarray@1.0.0
182 silly idealTree:prePrune ├── isarray@0.0.1
182 silly idealTree:prePrune ├── isstream@0.1.2
182 silly idealTree:prePrune ├── jodid25519@1.0.2
182 silly idealTree:prePrune ├── jsbn@0.1.0
182 silly idealTree:prePrune ├── json-schema@0.2.2
182 silly idealTree:prePrune ├── json-stringify-safe@5.0.1
182 silly idealTree:prePrune ├── jsonpointer@2.0.0
182 silly idealTree:prePrune ├── jsprim@1.2.2
182 silly idealTree:prePrune ├── lodash@4.5.1
182 silly idealTree:prePrune ├── lru-cache@4.0.0
182 silly idealTree:prePrune ├── media-typer@0.3.0
182 silly idealTree:prePrune ├── merge-descriptors@1.0.1
182 silly idealTree:prePrune ├── methods@1.1.2
182 silly idealTree:prePrune ├── mime-db@1.22.0
182 silly idealTree:prePrune ├── mime-types@2.1.10
182 silly idealTree:prePrune ├── mime@1.3.4
182 silly idealTree:prePrune ├── ms@0.7.1
182 silly idealTree:prePrune ├── negotiator@0.5.3
182 silly idealTree:prePrune ├── node-uuid@1.4.7
182 silly idealTree:prePrune ├── oauth-sign@0.8.1
182 silly idealTree:prePrune ├── on-finished@2.3.0
182 silly idealTree:prePrune ├── parseurl@1.3.1
182 silly idealTree:prePrune ├── path-to-regexp@0.1.7
182 silly idealTree:prePrune ├── pinkie-promise@2.0.0
182 silly idealTree:prePrune ├── pinkie@2.0.4
182 silly idealTree:prePrune ├── process-nextick-args@1.0.6
182 silly idealTree:prePrune ├── proxy-addr@1.0.10
182 silly idealTree:prePrune ├── pseudomap@1.0.2
182 silly idealTree:prePrune ├── qs@6.1.0
182 silly idealTree:prePrune ├── range-parser@1.0.3
182 silly idealTree:prePrune ├── raw-body@2.1.5
182 silly idealTree:prePrune ├── readable-stream@2.0.5
182 silly idealTree:prePrune ├─┬ request@2.69.0
182 silly idealTree:prePrune │ └── qs@6.0.2
182 silly idealTree:prePrune ├─┬ send@0.13.1
182 silly idealTree:prePrune │ └── http-errors@1.3.1
182 silly idealTree:prePrune ├── serve-static@1.10.2
182 silly idealTree:prePrune ├── sntp@1.0.9
182 silly idealTree:prePrune ├── sshpk@1.7.4
182 silly idealTree:prePrune ├── statuses@1.2.1
182 silly idealTree:prePrune ├── string_decoder@0.10.31
182 silly idealTree:prePrune ├── stringstream@0.0.5
182 silly idealTree:prePrune ├── strip-ansi@3.0.1
182 silly idealTree:prePrune ├── supports-color@2.0.0
182 silly idealTree:prePrune ├── tough-cookie@2.2.1
182 silly idealTree:prePrune ├── tunnel-agent@0.4.2
182 silly idealTree:prePrune ├── tweetnacl@0.14.1
182 silly idealTree:prePrune ├── type-is@1.6.12
182 silly idealTree:prePrune ├── unpipe@1.0.0
182 silly idealTree:prePrune ├── util-deprecate@1.0.2
182 silly idealTree:prePrune ├── utils-merge@1.0.0
182 silly idealTree:prePrune ├── vary@1.0.1
182 silly idealTree:prePrune ├── verror@1.3.6
182 silly idealTree:prePrune ├── wiring-pi@2.1.1
182 silly idealTree:prePrune ├── xtend@4.0.1
182 silly idealTree:prePrune └── yallist@2.0.0
183 silly loadIdealTree Finishing
184 silly currentTree testIo@0.0.0
184 silly currentTree ├── accepts@1.2.13
184 silly currentTree ├── ansi-regex@2.0.0
184 silly currentTree ├── ansi-styles@2.2.0
184 silly currentTree ├── array-flatten@1.1.1
184 silly currentTree ├── asn1@0.2.3
184 silly currentTree ├── assert-plus@0.2.0
184 silly currentTree ├── async@1.5.2
184 silly currentTree ├── aws-sign2@0.6.0
184 silly currentTree ├── aws4@1.3.1
184 silly currentTree ├── bl@1.0.3
184 silly currentTree ├── body-parser@1.15.0
184 silly currentTree ├── boom@2.10.1
184 silly currentTree ├── bytes@2.2.0
184 silly currentTree ├── caseless@0.11.0
184 silly currentTree ├── chalk@1.1.1
184 silly currentTree ├── color-convert@1.0.0
184 silly currentTree ├── combined-stream@1.0.5
184 silly currentTree ├── commander@2.9.0
184 silly currentTree ├── content-disposition@0.5.1
184 silly currentTree ├── content-type@1.0.1
184 silly currentTree ├── cookie-signature@1.0.6
184 silly currentTree ├── cookie@0.1.5
184 silly currentTree ├── core-util-is@1.0.2
184 silly currentTree ├── cryptiles@2.0.5
184 silly currentTree ├─┬ dashdash@1.13.0
184 silly currentTree │ └── assert-plus@1.0.0
184 silly currentTree ├── debug@2.2.0
184 silly currentTree ├── delayed-stream@1.0.0
184 silly currentTree ├── depd@1.1.0
184 silly currentTree ├── destroy@1.0.4
184 silly currentTree ├── ecc-jsbn@0.1.1
184 silly currentTree ├── ee-first@1.1.1
184 silly currentTree ├── escape-html@1.0.3
184 silly currentTree ├── escape-string-regexp@1.0.5
184 silly currentTree ├── etag@1.7.0
184 silly currentTree ├── extend@3.0.0
184 silly currentTree ├── extsprintf@1.0.2
184 silly currentTree ├── finalhandler@0.4.1
184 silly currentTree ├── forever-agent@0.6.1
184 silly currentTree ├── form-data@1.0.0-rc3
184 silly currentTree ├── forwarded@0.1.0
184 silly currentTree ├── fresh@0.3.0
184 silly currentTree ├── generate-function@2.0.0
184 silly currentTree ├── generate-object-property@1.2.0
184 silly currentTree ├── graceful-readlink@1.0.1
184 silly currentTree ├── har-validator@2.0.6
184 silly currentTree ├── has-ansi@2.0.0
184 silly currentTree ├── hawk@3.1.3
184 silly currentTree ├── hoek@2.16.3
184 silly currentTree ├── http-errors@1.4.0
184 silly currentTree ├── http-signature@1.1.1
184 silly currentTree ├── iconv-lite@0.4.13
184 silly currentTree ├── inherits@2.0.1
184 silly currentTree ├── ipaddr.js@1.0.5
184 silly currentTree ├── is-my-json-valid@2.13.1
184 silly currentTree ├── is-property@1.0.2
184 silly currentTree ├── is-typedarray@1.0.0
184 silly currentTree ├── isarray@0.0.1
184 silly currentTree ├── isstream@0.1.2
184 silly currentTree ├── jodid25519@1.0.2
184 silly currentTree ├── jsbn@0.1.0
184 silly currentTree ├── json-schema@0.2.2
184 silly currentTree ├── json-stringify-safe@5.0.1
184 silly currentTree ├── jsonpointer@2.0.0
184 silly currentTree ├── jsprim@1.2.2
184 silly currentTree ├── lodash@4.5.1
184 silly currentTree ├── lru-cache@4.0.0
184 silly currentTree ├── media-typer@0.3.0
184 silly currentTree ├── merge-descriptors@1.0.1
184 silly currentTree ├── methods@1.1.2
184 silly currentTree ├── mime-db@1.22.0
184 silly currentTree ├── mime-types@2.1.10
184 silly currentTree ├── ms@0.7.1
184 silly currentTree ├── negotiator@0.5.3
184 silly currentTree ├── node-uuid@1.4.7
184 silly currentTree ├── oauth-sign@0.8.1
184 silly currentTree ├── on-finished@2.3.0
184 silly currentTree ├── parseurl@1.3.1
184 silly currentTree ├── path-to-regexp@0.1.7
184 silly currentTree ├── pinkie-promise@2.0.0
184 silly currentTree ├── pinkie@2.0.4
184 silly currentTree ├── process-nextick-args@1.0.6
184 silly currentTree ├── proxy-addr@1.0.10
184 silly currentTree ├── pseudomap@1.0.2
184 silly currentTree ├── qs@6.1.0
184 silly currentTree ├── range-parser@1.0.3
184 silly currentTree ├── raw-body@2.1.5
184 silly currentTree ├── readable-stream@2.0.5
184 silly currentTree ├─┬ request@2.69.0
184 silly currentTree │ └── qs@6.0.2
184 silly currentTree ├── serve-static@1.10.2
184 silly currentTree ├── sntp@1.0.9
184 silly currentTree ├── sshpk@1.7.4
184 silly currentTree ├── statuses@1.2.1
184 silly currentTree ├── string_decoder@0.10.31
184 silly currentTree ├── stringstream@0.0.5
184 silly currentTree ├── strip-ansi@3.0.1
184 silly currentTree ├── supports-color@2.0.0
184 silly currentTree ├── tough-cookie@2.2.1
184 silly currentTree ├── tunnel-agent@0.4.2
184 silly currentTree ├── tweetnacl@0.14.1
184 silly currentTree ├── type-is@1.6.12
184 silly currentTree ├── unpipe@1.0.0
184 silly currentTree ├── util-deprecate@1.0.2
184 silly currentTree ├── utils-merge@1.0.0
184 silly currentTree ├── vary@1.0.1
184 silly currentTree ├── verror@1.3.6
184 silly currentTree ├── wiring-pi@2.1.1
184 silly currentTree ├── xtend@4.0.1
184 silly currentTree └── yallist@2.0.0
185 silly idealTree testIo@0.0.0
185 silly idealTree ├── accepts@1.2.13
185 silly idealTree ├── ansi-regex@2.0.0
185 silly idealTree ├── ansi-styles@2.2.0
185 silly idealTree ├── array-flatten@1.1.1
185 silly idealTree ├── asn1@0.2.3
185 silly idealTree ├── assert-plus@0.2.0
185 silly idealTree ├── async@1.5.2
185 silly idealTree ├── aws-sign2@0.6.0
185 silly idealTree ├── aws4@1.3.1
185 silly idealTree ├── bl@1.0.3
185 silly idealTree ├── body-parser@1.15.0
185 silly idealTree ├── boom@2.10.1
185 silly idealTree ├── bytes@2.2.0
185 silly idealTree ├── caseless@0.11.0
185 silly idealTree ├── chalk@1.1.1
185 silly idealTree ├── color-convert@1.0.0
185 silly idealTree ├── combined-stream@1.0.5
185 silly idealTree ├── commander@2.9.0
185 silly idealTree ├── content-disposition@0.5.1
185 silly idealTree ├── content-type@1.0.1
185 silly idealTree ├── cookie-signature@1.0.6
185 silly idealTree ├── cookie@0.1.5
185 silly idealTree ├── core-util-is@1.0.2
185 silly idealTree ├── cryptiles@2.0.5
185 silly idealTree ├─┬ dashdash@1.13.0
185 silly idealTree │ └── assert-plus@1.0.0
185 silly idealTree ├── debug@2.2.0
185 silly idealTree ├── delayed-stream@1.0.0
185 silly idealTree ├── depd@1.1.0
185 silly idealTree ├── destroy@1.0.4
185 silly idealTree ├── ecc-jsbn@0.1.1
185 silly idealTree ├── ee-first@1.1.1
185 silly idealTree ├── escape-html@1.0.3
185 silly idealTree ├── escape-string-regexp@1.0.5
185 silly idealTree ├── etag@1.7.0
185 silly idealTree ├─┬ express@4.13.4
185 silly idealTree │ └── qs@4.0.0
185 silly idealTree ├── extend@3.0.0
185 silly idealTree ├── extsprintf@1.0.2
185 silly idealTree ├── finalhandler@0.4.1
185 silly idealTree ├── forever-agent@0.6.1
185 silly idealTree ├── form-data@1.0.0-rc3
185 silly idealTree ├── forwarded@0.1.0
185 silly idealTree ├── fresh@0.3.0
185 silly idealTree ├── generate-function@2.0.0
185 silly idealTree ├── generate-object-property@1.2.0
185 silly idealTree ├── graceful-readlink@1.0.1
185 silly idealTree ├── har-validator@2.0.6
185 silly idealTree ├── has-ansi@2.0.0
185 silly idealTree ├── hawk@3.1.3
185 silly idealTree ├── hoek@2.16.3
185 silly idealTree ├── http-errors@1.4.0
185 silly idealTree ├── http-signature@1.1.1
185 silly idealTree ├── iconv-lite@0.4.13
185 silly idealTree ├── inherits@2.0.1
185 silly idealTree ├── ipaddr.js@1.0.5
185 silly idealTree ├── is-my-json-valid@2.13.1
185 silly idealTree ├── is-property@1.0.2
185 silly idealTree ├── is-typedarray@1.0.0
185 silly idealTree ├── isarray@0.0.1
185 silly idealTree ├── isstream@0.1.2
185 silly idealTree ├── jodid25519@1.0.2
185 silly idealTree ├── jsbn@0.1.0
185 silly idealTree ├── json-schema@0.2.2
185 silly idealTree ├── json-stringify-safe@5.0.1
185 silly idealTree ├── jsonpointer@2.0.0
185 silly idealTree ├── jsprim@1.2.2
185 silly idealTree ├── lodash@4.5.1
185 silly idealTree ├── lru-cache@4.0.0
185 silly idealTree ├── media-typer@0.3.0
185 silly idealTree ├── merge-descriptors@1.0.1
185 silly idealTree ├── methods@1.1.2
185 silly idealTree ├── mime-db@1.22.0
185 silly idealTree ├── mime-types@2.1.10
185 silly idealTree ├── mime@1.3.4
185 silly idealTree ├── ms@0.7.1
185 silly idealTree ├── negotiator@0.5.3
185 silly idealTree ├── node-uuid@1.4.7
185 silly idealTree ├── oauth-sign@0.8.1
185 silly idealTree ├── on-finished@2.3.0
185 silly idealTree ├── parseurl@1.3.1
185 silly idealTree ├── path-to-regexp@0.1.7
185 silly idealTree ├── pinkie-promise@2.0.0
185 silly idealTree ├── pinkie@2.0.4
185 silly idealTree ├── process-nextick-args@1.0.6
185 silly idealTree ├── proxy-addr@1.0.10
185 silly idealTree ├── pseudomap@1.0.2
185 silly idealTree ├── qs@6.1.0
185 silly idealTree ├── range-parser@1.0.3
185 silly idealTree ├── raw-body@2.1.5
185 silly idealTree ├── readable-stream@2.0.5
185 silly idealTree ├─┬ request@2.69.0
185 silly idealTree │ └── qs@6.0.2
185 silly idealTree ├─┬ send@0.13.1
185 silly idealTree │ └── http-errors@1.3.1
185 silly idealTree ├── serve-static@1.10.2
185 silly idealTree ├── sntp@1.0.9
185 silly idealTree ├── sshpk@1.7.4
185 silly idealTree ├── statuses@1.2.1
185 silly idealTree ├── string_decoder@0.10.31
185 silly idealTree ├── stringstream@0.0.5
185 silly idealTree ├── strip-ansi@3.0.1
185 silly idealTree ├── supports-color@2.0.0
185 silly idealTree ├── tough-cookie@2.2.1
185 silly idealTree ├── tunnel-agent@0.4.2
185 silly idealTree ├── tweetnacl@0.14.1
185 silly idealTree ├── type-is@1.6.12
185 silly idealTree ├── unpipe@1.0.0
185 silly idealTree ├── util-deprecate@1.0.2
185 silly idealTree ├── utils-merge@1.0.0
185 silly idealTree ├── vary@1.0.1
185 silly idealTree ├── verror@1.3.6
185 silly idealTree ├── wiring-pi@2.1.1
185 silly idealTree ├── xtend@4.0.1
185 silly idealTree └── yallist@2.0.0
186 silly generateActionsToTake Starting
187 silly install generateActionsToTake
188 silly generateActionsToTake Finishing
189 silly diffTrees action count 5
190 silly diffTrees add qs@4.0.0
191 silly diffTrees add mime@1.3.4
192 silly diffTrees add http-errors@1.3.1
193 silly diffTrees add send@0.13.1
194 silly diffTrees add express@4.13.4
195 silly decomposeActions action count 40
196 silly decomposeActions fetch qs@4.0.0
197 silly decomposeActions extract qs@4.0.0
198 silly decomposeActions preinstall qs@4.0.0
199 silly decomposeActions build qs@4.0.0
200 silly decomposeActions install qs@4.0.0
201 silly decomposeActions postinstall qs@4.0.0
202 silly decomposeActions test qs@4.0.0
203 silly decomposeActions finalize qs@4.0.0
204 silly decomposeActions fetch mime@1.3.4
205 silly decomposeActions extract mime@1.3.4
206 silly decomposeActions preinstall mime@1.3.4
207 silly decomposeActions build mime@1.3.4
208 silly decomposeActions install mime@1.3.4
209 silly decomposeActions postinstall mime@1.3.4
210 silly decomposeActions test mime@1.3.4
211 silly decomposeActions finalize mime@1.3.4
212 silly decomposeActions fetch http-errors@1.3.1
213 silly decomposeActions extract http-errors@1.3.1
214 silly decomposeActions preinstall http-errors@1.3.1
215 silly decomposeActions build http-errors@1.3.1
216 silly decomposeActions install http-errors@1.3.1
217 silly decomposeActions postinstall http-errors@1.3.1
218 silly decomposeActions test http-errors@1.3.1
219 silly decomposeActions finalize http-errors@1.3.1
220 silly decomposeActions fetch send@0.13.1
221 silly decomposeActions extract send@0.13.1
222 silly decomposeActions preinstall send@0.13.1
223 silly decomposeActions build send@0.13.1
224 silly decomposeActions install send@0.13.1
225 silly decomposeActions postinstall send@0.13.1
226 silly decomposeActions test send@0.13.1
227 silly decomposeActions finalize send@0.13.1
228 silly decomposeActions fetch express@4.13.4
229 silly decomposeActions extract express@4.13.4
230 silly decomposeActions preinstall express@4.13.4
231 silly decomposeActions build express@4.13.4
232 silly decomposeActions install express@4.13.4
233 silly decomposeActions postinstall express@4.13.4
234 silly decomposeActions test express@4.13.4
235 silly decomposeActions finalize express@4.13.4
236 silly executeActions Starting
237 silly install executeActions
238 silly doSerial global-install 0
239 silly doParallel fetch 5
240 verbose lock using /root/.npm/_locks/staging-c3fb3a09cb6581e5.lock for /media/tim/node_modules/.staging
241 silly doParallel extract 5
242 silly extract qs@4.0.0
243 silly extract mime@1.3.4
244 silly extract http-errors@1.3.1
245 silly extract send@0.13.1
246 silly extract express@4.13.4
247 verbose unbuild node_modules/.staging/qs-944fb28e27c2cdd8bc06cb02f94f4442
248 verbose unbuild node_modules/.staging/http-errors-5a4d86c03ddf23a9a7b91e3d6b5e47bb
249 verbose unbuild node_modules/.staging/send-1bd6f998c9f87277417789da368bf69b
250 verbose unbuild node_modules/.staging/express-33bcc5453fbc5f5b61121944c101a86b
251 verbose unbuild node_modules/.staging/mime-fe5140b1dd90c042c406910332235e6b
252 silly gentlyRm /media/tim/node_modules/.staging/qs-944fb28e27c2cdd8bc06cb02f94f4442 is being purged from base /media/tim
253 silly gentlyRm /media/tim/node_modules/.staging/http-errors-5a4d86c03ddf23a9a7b91e3d6b5e47bb is being purged from base /media/tim
254 silly gentlyRm /media/tim/node_modules/.staging/send-1bd6f998c9f87277417789da368bf69b is being purged from base /media/tim
255 silly gentlyRm /media/tim/node_modules/.staging/express-33bcc5453fbc5f5b61121944c101a86b is being purged from base /media/tim
256 verbose gentlyRm don't care about contents; nuking /media/tim/node_modules/.staging/qs-944fb28e27c2cdd8bc06cb02f94f4442
257 verbose gentlyRm don't care about contents; nuking /media/tim/node_modules/.staging/http-errors-5a4d86c03ddf23a9a7b91e3d6b5e47bb
258 verbose gentlyRm don't care about contents; nuking /media/tim/node_modules/.staging/send-1bd6f998c9f87277417789da368bf69b
259 silly gentlyRm /media/tim/node_modules/.staging/mime-fe5140b1dd90c042c406910332235e6b is being purged from base /media/tim
260 verbose gentlyRm don't care about contents; nuking /media/tim/node_modules/.staging/express-33bcc5453fbc5f5b61121944c101a86b
261 verbose tar unpack /root/.npm/qs/4.0.0/package.tgz
262 verbose tar unpacking to /media/tim/node_modules/.staging/qs-944fb28e27c2cdd8bc06cb02f94f4442
263 silly gentlyRm /media/tim/node_modules/.staging/qs-944fb28e27c2cdd8bc06cb02f94f4442 is being purged
264 verbose tar unpack /root/.npm/http-errors/1.3.1/package.tgz
265 verbose tar unpacking to /media/tim/node_modules/.staging/http-errors-5a4d86c03ddf23a9a7b91e3d6b5e47bb
266 silly gentlyRm /media/tim/node_modules/.staging/http-errors-5a4d86c03ddf23a9a7b91e3d6b5e47bb is being purged
267 verbose tar unpack /root/.npm/send/0.13.1/package.tgz
268 verbose tar unpacking to /media/tim/node_modules/.staging/send-1bd6f998c9f87277417789da368bf69b
269 silly gentlyRm /media/tim/node_modules/.staging/send-1bd6f998c9f87277417789da368bf69b is being purged
270 verbose gentlyRm don't care about contents; nuking /media/tim/node_modules/.staging/mime-fe5140b1dd90c042c406910332235e6b
271 verbose tar unpack /root/.npm/express/4.13.4/package.tgz
272 verbose tar unpacking to /media/tim/node_modules/.staging/express-33bcc5453fbc5f5b61121944c101a86b
273 silly gentlyRm /media/tim/node_modules/.staging/express-33bcc5453fbc5f5b61121944c101a86b is being purged
274 verbose gentlyRm don't care about contents; nuking /media/tim/node_modules/.staging/qs-944fb28e27c2cdd8bc06cb02f94f4442
275 verbose gentlyRm don't care about contents; nuking /media/tim/node_modules/.staging/http-errors-5a4d86c03ddf23a9a7b91e3d6b5e47bb
276 verbose gentlyRm don't care about contents; nuking /media/tim/node_modules/.staging/send-1bd6f998c9f87277417789da368bf69b
277 verbose tar unpack /root/.npm/mime/1.3.4/package.tgz
278 verbose tar unpacking to /media/tim/node_modules/.staging/mime-fe5140b1dd90c042c406910332235e6b
279 silly gentlyRm /media/tim/node_modules/.staging/mime-fe5140b1dd90c042c406910332235e6b is being purged
280 verbose gentlyRm don't care about contents; nuking /media/tim/node_modules/.staging/express-33bcc5453fbc5f5b61121944c101a86b
281 silly gunzTarPerm modes [ '755', '644' ]
282 silly gunzTarPerm modes [ '755', '644' ]
283 silly gunzTarPerm modes [ '755', '644' ]
284 verbose gentlyRm don't care about contents; nuking /media/tim/node_modules/.staging/mime-fe5140b1dd90c042c406910332235e6b
285 silly gunzTarPerm modes [ '755', '644' ]
286 silly gunzTarPerm modes [ '755', '644' ]
287 silly gunzTarPerm extractEntry package.json
288 silly gunzTarPerm extractEntry package.json
289 silly gunzTarPerm modified mode [ 'package.json', 438, 420 ]
290 silly gunzTarPerm extractEntry package.json
291 silly gunzTarPerm modified mode [ 'package.json', 438, 420 ]
292 silly gunzTarPerm extractEntry package.json
293 silly gunzTarPerm modified mode [ 'package.json', 438, 420 ]
294 silly gunzTarPerm extractEntry package.json
295 silly gunzTarPerm extractEntry .npmignore
296 silly gunzTarPerm extractEntry README.md
297 silly gunzTarPerm extractEntry README.md
298 silly gunzTarPerm modified mode [ 'README.md', 438, 420 ]
299 silly gunzTarPerm extractEntry LICENSE
300 silly gunzTarPerm modified mode [ 'LICENSE', 438, 420 ]
301 silly gunzTarPerm extractEntry README.md
302 silly gunzTarPerm modified mode [ 'README.md', 438, 420 ]
303 silly gunzTarPerm extractEntry LICENSE
304 silly gunzTarPerm modified mode [ 'LICENSE', 438, 420 ]
305 silly gunzTarPerm extractEntry LICENSE
306 silly gunzTarPerm modified mode [ 'LICENSE', 438, 420 ]
307 silly gunzTarPerm extractEntry index.js
308 silly gunzTarPerm modified mode [ 'index.js', 438, 420 ]
309 silly gunzTarPerm extractEntry .npmignore
310 silly gunzTarPerm extractEntry README.md
311 silly gunzTarPerm extractEntry LICENSE
312 silly gunzTarPerm extractEntry CHANGELOG.md
313 silly gunzTarPerm extractEntry index.js
314 silly gunzTarPerm modified mode [ 'index.js', 438, 420 ]
315 silly gunzTarPerm extractEntry HISTORY.md
316 silly gunzTarPerm modified mode [ 'HISTORY.md', 438, 420 ]
317 silly gunzTarPerm extractEntry index.js
318 silly gunzTarPerm modified mode [ 'index.js', 438, 420 ]
319 silly gunzTarPerm extractEntry HISTORY.md
320 silly gunzTarPerm modified mode [ 'HISTORY.md', 438, 420 ]
321 silly gunzTarPerm extractEntry History.md
322 silly gunzTarPerm modified mode [ 'History.md', 438, 420 ]
323 silly gunzTarPerm extractEntry Readme.md
324 silly gunzTarPerm modified mode [ 'Readme.md', 438, 420 ]
325 silly gunzTarPerm extractEntry lib/application.js
326 silly gunzTarPerm modified mode [ 'lib/application.js', 438, 420 ]
327 silly gunzTarPerm extractEntry lib/express.js
328 silly gunzTarPerm modified mode [ 'lib/express.js', 438, 420 ]
329 silly gunzTarPerm extractEntry lib/request.js
330 silly gunzTarPerm modified mode [ 'lib/request.js', 438, 420 ]
331 silly gunzTarPerm extractEntry lib/response.js
332 silly gunzTarPerm modified mode [ 'lib/response.js', 438, 420 ]
333 silly gunzTarPerm extractEntry lib/utils.js
334 silly gunzTarPerm modified mode [ 'lib/utils.js', 438, 420 ]
335 silly gunzTarPerm extractEntry lib/view.js
336 silly gunzTarPerm modified mode [ 'lib/view.js', 438, 420 ]
337 silly gunzTarPerm extractEntry lib/middleware/init.js
338 silly gunzTarPerm modified mode [ 'lib/middleware/init.js', 438, 420 ]
339 silly gunzTarPerm extractEntry lib/middleware/query.js
340 silly gunzTarPerm modified mode [ 'lib/middleware/query.js', 438, 420 ]
341 silly gunzTarPerm extractEntry lib/router/index.js
342 silly gunzTarPerm modified mode [ 'lib/router/index.js', 438, 420 ]
343 silly gunzTarPerm extractEntry lib/router/layer.js
344 silly gunzTarPerm modified mode [ 'lib/router/layer.js', 438, 420 ]
345 silly gunzTarPerm extractEntry lib/router/route.js
346 silly gunzTarPerm modified mode [ 'lib/router/route.js', 438, 420 ]
347 silly gunzTarPerm extractEntry LICENSE
348 silly gunzTarPerm extractEntry cli.js
349 silly gunzTarPerm extractEntry CONTRIBUTING.md
350 silly gunzTarPerm extractEntry mime.js
351 silly gunzTarPerm extractEntry build/build.js
352 silly gunzTarPerm extractEntry build/test.js
353 silly gunzTarPerm extractEntry types.json
354 silly gunzTarPerm extractEntry .eslintignore
355 silly gunzTarPerm extractEntry bower.json
356 silly gunzTarPerm extractEntry lib/index.js
357 silly gunzTarPerm extractEntry lib/parse.js
358 silly gunzTarPerm extractEntry lib/stringify.js
359 silly gunzTarPerm extractEntry lib/utils.js
360 silly gunzTarPerm extractEntry .travis.yml
361 silly gunzTarPerm extractEntry test/parse.js
362 silly gunzTarPerm extractEntry test/stringify.js
363 silly gunzTarPerm extractEntry test/utils.js
364 silly doParallel preinstall 5
365 silly preinstall qs@4.0.0 /media/tim/node_modules/.staging/qs-944fb28e27c2cdd8bc06cb02f94f4442
366 info lifecycle qs@4.0.0~preinstall: qs@4.0.0
367 silly preinstall mime@1.3.4 /media/tim/node_modules/.staging/mime-fe5140b1dd90c042c406910332235e6b
368 info lifecycle mime@1.3.4~preinstall: mime@1.3.4
369 silly preinstall http-errors@1.3.1 /media/tim/node_modules/.staging/http-errors-5a4d86c03ddf23a9a7b91e3d6b5e47bb
370 info lifecycle http-errors@1.3.1~preinstall: http-errors@1.3.1
371 silly preinstall send@0.13.1 /media/tim/node_modules/.staging/send-1bd6f998c9f87277417789da368bf69b
372 info lifecycle send@0.13.1~preinstall: send@0.13.1
373 silly preinstall express@4.13.4 /media/tim/node_modules/.staging/express-33bcc5453fbc5f5b61121944c101a86b
374 info lifecycle express@4.13.4~preinstall: express@4.13.4
375 silly lifecycle qs@4.0.0~preinstall: no script for preinstall, continuing
376 silly lifecycle mime@1.3.4~preinstall: no script for preinstall, continuing
377 silly lifecycle http-errors@1.3.1~preinstall: no script for preinstall, continuing
378 silly lifecycle send@0.13.1~preinstall: no script for preinstall, continuing
379 silly lifecycle express@4.13.4~preinstall: no script for preinstall, continuing
380 silly doReverseSerial remove 0
381 silly doSerial move 0
382 silly doSerial finalize 5
383 silly finalize /media/tim/node_modules/express/node_modules/qs
384 silly finalize /media/tim/node_modules/mime
385 silly finalize /media/tim/node_modules/send/node_modules/http-errors
386 silly finalize /media/tim/node_modules/send
387 silly finalize /media/tim/node_modules/express
388 silly doSerial build 5
389 silly build qs@4.0.0
390 info linkStuff qs@4.0.0
391 silly linkStuff qs@4.0.0 has /media/tim/node_modules/express/node_modules as its parent node_modules
392 verbose linkBins qs@4.0.0
393 verbose linkMans qs@4.0.0
394 silly build mime@1.3.4
395 info linkStuff mime@1.3.4
396 silly linkStuff mime@1.3.4 has /media/tim/node_modules as its parent node_modules
397 verbose linkBins mime@1.3.4
398 verbose link bins [ { mime: 'cli.js' }, '/media/tim/node_modules/.bin', false ]
399 verbose linkMans mime@1.3.4
400 silly gentlyRm /media/tim/node_modules/.bin/mime is being purged
401 verbose gentlyRm don't care about contents; nuking /media/tim/node_modules/.bin/mime
402 verbose unlock done using /root/.npm/_locks/staging-c3fb3a09cb6581e5.lock for /media/tim/node_modules/.staging
403 silly rollbackFailedOptional Starting
404 silly rollbackFailedOptional Finishing
405 silly runTopLevelLifecycles Starting
406 silly runTopLevelLifecycles Finishing
407 silly install printInstalled
408 warn EPACKAGEJSON testIo@0.0.0 No repository field.
409 verbose stack Error: ENOTSUP: operation not supported on socket, symlink '../mime/cli.js' -> '/media/tim/node_modules/.bin/mime'
409 verbose stack     at Error (native)
410 verbose cwd /media/tim
411 error Linux 4.1.13+
412 error argv "/root/.nvm/versions/node/v5.5.0/bin/node" "/root/.nvm/versions/node/v5.5.0/bin/npm" "install" "express"
413 error node v5.5.0
414 error npm  v3.3.12
415 error path ../mime/cli.js
416 error code ENOTSUP
417 error errno -95
418 error syscall symlink
419 error nospc ENOTSUP: operation not supported on socket, symlink '../mime/cli.js' -> '/media/tim/node_modules/.bin/mime'
419 error nospc This is most likely not a problem with npm itself
419 error nospc and is related to insufficient space on your system.
420 verbose exit [ -95, true ]
